<?xml version="1.0" encoding="UTF-8"?>
<!-- Generated by org.testng.reporters.JUnitXMLReporter -->
<testsuite ignored="0" hostname="RajKumar" failures="0" tests="12" name="MyStore" time="348.606" errors="0" timestamp="2021-02-09T12:53:09 IST">
  <testcase classname="com.mystore.testcases.LoginPageTest" name="loginTest" time="7.738"/>
  <testcase classname="com.mystore.testcases.EndToEndTest" name="endToEnd" time="32.446"/>
  <testcase classname="com.mystore.testcases.IndexPageTest" name="myStoreLogoTest" time="0.165"/>
  <testcase classname="com.mystore.testcases.IndexPageTest" name="verifyTitle" time="0.026"/>
  <testcase classname="com.mystore.testcases.SearchResultPageTest" name="productAvailabilityTest" time="13.795"/>
  <testcase classname="com.mystore.testcases.AccountPageCreationTest" name="createAccountPageTest" time="15.116"/>
  <testcase classname="com.mystore.testcases.AccountPageCreationTest" name="createAccountPageTest" time="18.303"/>
  <testcase classname="com.mystore.testcases.AccountPageCreationTest" name="createAccountPageTest" time="28.822"/>
  <testcase classname="com.mystore.testcases.HomePageTest" name="orderHistroryAndDetailsTest" time="6.274"/>
  <testcase classname="com.mystore.testcases.HomePageTest" name="wishListTest" time="6.752"/>
  <testcase classname="com.mystore.testcases.OrderPageTest" name="priceTest" time="11.237"/>
  <testcase classname="com.mystore.testcases.AddToCartPageTest" name="addToCartTest" time="7.262"/>
</testsuite> <!-- MyStore -->
