<?xml version="1.0" encoding="UTF-8"?>
<!-- Generated by org.testng.reporters.JUnitXMLReporter -->
<testsuite ignored="0" hostname="RajKumar" failures="0" tests="10" name="MyStore-Chrome" time="187.485" errors="0" timestamp="2020-11-26T18:59:20 IST">
  <testcase classname="com.mystore.testcases.LoginPageTest" name="loginTest" time="4.855"/>
  <testcase classname="com.mystore.testcases.EndToEndTest" name="endToEnd" time="27.515"/>
  <testcase classname="com.mystore.testcases.IndexPageTest" name="myStoreLogoTest" time="0.085"/>
  <testcase classname="com.mystore.testcases.IndexPageTest" name="verifyTitle" time="0.034"/>
  <testcase classname="com.mystore.testcases.SearchResultPageTest" name="productAvailabilityTest" time="5.353"/>
  <testcase classname="com.mystore.testcases.AccountPageCreationTest" name="createAccountPageTest" time="7.137"/>
  <testcase classname="com.mystore.testcases.HomePageTest" name="orderHistroryAndDetailsTest" time="6.412"/>
  <testcase classname="com.mystore.testcases.HomePageTest" name="wishListTest" time="6.926"/>
  <testcase classname="com.mystore.testcases.OrderPageTest" name="priceTest" time="10.175"/>
  <testcase classname="com.mystore.testcases.AddToCartPageTest" name="addToCartTest" time="6.401"/>
</testsuite> <!-- MyStore-Chrome -->
