<?xml version="1.0" encoding="UTF-8"?>
<!-- Generated by org.testng.reporters.JUnitXMLReporter -->
<testsuite ignored="0" hostname="RajKumar" failures="0" tests="12" name="MyStore_Chrome" time="265.411" errors="0" timestamp="2021-04-19T14:18:20 IST">
  <testcase classname="com.mystore.testcases.LoginPageTest" name="loginTest" time="6.277"/>
  <testcase classname="com.mystore.testcases.EndToEndTest" name="endToEnd" time="26.599"/>
  <testcase classname="com.mystore.testcases.IndexPageTest" name="myStoreLogoTest" time="0.127"/>
  <testcase classname="com.mystore.testcases.IndexPageTest" name="verifyTitle" time="0.064"/>
  <testcase classname="com.mystore.testcases.SearchResultPageTest" name="productAvailabilityTest" time="5.535"/>
  <testcase classname="com.mystore.testcases.AccountPageCreationTest" name="createAccountPageTest" time="14.917"/>
  <testcase classname="com.mystore.testcases.AccountPageCreationTest" name="createAccountPageTest" time="15.112"/>
  <testcase classname="com.mystore.testcases.AccountPageCreationTest" name="createAccountPageTest" time="14.445"/>
  <testcase classname="com.mystore.testcases.HomePageTest" name="orderHistroryAndDetailsTest" time="8.501"/>
  <testcase classname="com.mystore.testcases.HomePageTest" name="wishListTest" time="9.055"/>
  <testcase classname="com.mystore.testcases.OrderPageTest" name="priceTest" time="9.274"/>
  <testcase classname="com.mystore.testcases.AddToCartPageTest" name="addToCartTest" time="10.13"/>
</testsuite> <!-- MyStore_Chrome -->
