<?xml version="1.0" encoding="UTF-8"?>
<!-- Generated by org.testng.reporters.JUnitXMLReporter -->
<testsuite ignored="0" hostname="RajKumar" failures="0" tests="12" name="MyStore" time="304.888" errors="0" timestamp="2021-04-19T13:32:35 IST">
  <testcase classname="com.mystore.testcases.LoginPageTest" name="loginTest" time="6.591"/>
  <testcase classname="com.mystore.testcases.EndToEndTest" name="endToEnd" time="27.895"/>
  <testcase classname="com.mystore.testcases.IndexPageTest" name="myStoreLogoTest" time="0.361"/>
  <testcase classname="com.mystore.testcases.IndexPageTest" name="verifyTitle" time="0.053"/>
  <testcase classname="com.mystore.testcases.SearchResultPageTest" name="productAvailabilityTest" time="4.657"/>
  <testcase classname="com.mystore.testcases.AccountPageCreationTest" name="createAccountPageTest" time="15.205"/>
  <testcase classname="com.mystore.testcases.AccountPageCreationTest" name="createAccountPageTest" time="19.813"/>
  <testcase classname="com.mystore.testcases.AccountPageCreationTest" name="createAccountPageTest" time="16.707"/>
  <testcase classname="com.mystore.testcases.HomePageTest" name="orderHistroryAndDetailsTest" time="8.275"/>
  <testcase classname="com.mystore.testcases.HomePageTest" name="wishListTest" time="10.499"/>
  <testcase classname="com.mystore.testcases.OrderPageTest" name="priceTest" time="20.293"/>
  <testcase classname="com.mystore.testcases.AddToCartPageTest" name="addToCartTest" time="17.664"/>
</testsuite> <!-- MyStore -->
