<?xml version="1.0" encoding="UTF-8"?>
<testng-results ignored="0" total="1" passed="1" failed="0" skipped="0">
  <reporter-output>
  </reporter-output>
  <suite started-at="2020-11-27T15:07:14 IST" name="Suite" finished-at="2020-11-27T15:07:31 IST" duration-ms="16927">
    <groups>
      <group name="sanity">
        <method signature="LoginPageTest.loginTest(java.lang.String, java.lang.String)[pri:0, instance:com.mystore.testcases.LoginPageTest@6156496]" name="loginTest" class="com.mystore.testcases.LoginPageTest"/>
      </group> <!-- sanity -->
    </groups>
    <test started-at="2020-11-27T15:07:14 IST" name="MyStore" finished-at="2020-11-27T15:07:31 IST" duration-ms="16927">
      <class name="com.mystore.testcases.LoginPageTest">
        <test-method is-config="true" signature="openBrowser(java.lang.String)[pri:0, instance:com.mystore.testcases.LoginPageTest@6156496]" started-at="2020-11-27T15:07:15 IST" name="openBrowser" finished-at="2020-11-27T15:07:27 IST" duration-ms="11669" status="PASS">
          <params>
            <param index="0">
              <value>
                <![CDATA[chrome]]>
              </value>
            </param>
          </params>
          <reporter-output>
          </reporter-output>
        </test-method> <!-- openBrowser -->
        <test-method signature="loginTest(java.lang.String, java.lang.String)[pri:0, instance:com.mystore.testcases.LoginPageTest@6156496]" started-at="2020-11-27T15:07:27 IST" name="loginTest" data-provider="loginTest" finished-at="2020-11-27T15:07:31 IST" duration-ms="4201" status="PASS">
          <params>
            <param index="0">
              <value>
                <![CDATA[admin@xyz.com]]>
              </value>
            </param>
            <param index="1">
              <value>
                <![CDATA[admin@123]]>
              </value>
            </param>
          </params>
          <reporter-output>
          </reporter-output>
        </test-method> <!-- loginTest -->
        <test-method is-config="true" signature="tearDown()[pri:0, instance:com.mystore.testcases.LoginPageTest@6156496]" started-at="2020-11-27T15:07:31 IST" name="tearDown" finished-at="2020-11-27T15:07:31 IST" duration-ms="111" status="PASS">
          <reporter-output>
          </reporter-output>
        </test-method> <!-- tearDown -->
      </class> <!-- com.mystore.testcases.LoginPageTest -->
    </test> <!-- MyStore -->
  </suite> <!-- Suite -->
</testng-results>
