<?xml version="1.0" encoding="UTF-8"?>
<testng-results ignored="0" total="12" passed="12" failed="0" skipped="0">
  <reporter-output>
  </reporter-output>
  <suite started-at="2021-04-19T14:13:54 IST" name="Suite" finished-at="2021-04-19T14:18:20 IST" duration-ms="265411">
    <groups>
      <group name="regression">
        <method signature="AddToCartPageTest.addToCartTest()[pri:0, instance:com.mystore.testcases.AddToCartPageTest@5a955565]" name="addToCartTest" class="com.mystore.testcases.AddToCartPageTest"/>
        <method signature="EndToEndTest.endToEnd()[pri:0, instance:com.mystore.testcases.EndToEndTest@402e37bc]" name="endToEnd" class="com.mystore.testcases.EndToEndTest"/>
        <method signature="OrderPageTest.priceTest()[pri:0, instance:com.mystore.testcases.OrderPageTest@6a01e23]" name="priceTest" class="com.mystore.testcases.OrderPageTest"/>
      </group> <!-- regression -->
      <group name="smoke">
        <method signature="IndexPageTest.myStoreLogoTest()[pri:1, instance:com.mystore.testcases.IndexPageTest@79ad8b2f]" name="myStoreLogoTest" class="com.mystore.testcases.IndexPageTest"/>
        <method signature="IndexPageTest.verifyTitle()[pri:2, instance:com.mystore.testcases.IndexPageTest@79ad8b2f]" name="verifyTitle" class="com.mystore.testcases.IndexPageTest"/>
        <method signature="SearchResultPageTest.productAvailabilityTest()[pri:0, instance:com.mystore.testcases.SearchResultPageTest@1df82230]" name="productAvailabilityTest" class="com.mystore.testcases.SearchResultPageTest"/>
      </group> <!-- smoke -->
      <group name="sanity">
        <method signature="AccountPageCreationTest.createAccountPageTest(java.lang.String, java.lang.String, java.lang.String, java.lang.String, java.lang.String, java.lang.String, java.lang.String, java.lang.String, java.lang.String, java.lang.String, java.lang.String, java.lang.String, java.lang.String, java.lang.String, java.lang.String)[pri:0, instance:com.mystore.testcases.AccountPageCreationTest@22635ba0]" name="createAccountPageTest" class="com.mystore.testcases.AccountPageCreationTest"/>
        <method signature="HomePageTest.orderHistroryAndDetailsTest()[pri:1, instance:com.mystore.testcases.HomePageTest@13c10b87]" name="orderHistroryAndDetailsTest" class="com.mystore.testcases.HomePageTest"/>
        <method signature="HomePageTest.wishListTest()[pri:2, instance:com.mystore.testcases.HomePageTest@13c10b87]" name="wishListTest" class="com.mystore.testcases.HomePageTest"/>
        <method signature="LoginPageTest.loginTest(java.lang.String, java.lang.String)[pri:0, instance:com.mystore.testcases.LoginPageTest@197d671]" name="loginTest" class="com.mystore.testcases.LoginPageTest"/>
      </group> <!-- sanity -->
    </groups>
    <test started-at="2021-04-19T14:13:54 IST" name="MyStore_Chrome" finished-at="2021-04-19T14:18:20 IST" duration-ms="265411">
      <class name="com.mystore.testcases.EndToEndTest">
        <test-method is-config="true" signature="openBrowser(java.lang.String)[pri:0, instance:com.mystore.testcases.EndToEndTest@402e37bc]" started-at="2021-04-19T14:14:14 IST" name="openBrowser" finished-at="2021-04-19T14:14:25 IST" duration-ms="10839" status="PASS">
          <params>
            <param index="0">
              <value>
                <![CDATA[chrome]]>
              </value>
            </param>
          </params>
          <reporter-output>
          </reporter-output>
        </test-method> <!-- openBrowser -->
        <test-method signature="endToEnd()[pri:0, instance:com.mystore.testcases.EndToEndTest@402e37bc]" started-at="2021-04-19T14:14:25 IST" name="endToEnd" finished-at="2021-04-19T14:14:51 IST" duration-ms="26599" status="PASS">
          <reporter-output>
          </reporter-output>
        </test-method> <!-- endToEnd -->
        <test-method is-config="true" signature="tearDown()[pri:0, instance:com.mystore.testcases.EndToEndTest@402e37bc]" started-at="2021-04-19T14:14:51 IST" name="tearDown" finished-at="2021-04-19T14:14:51 IST" duration-ms="235" status="PASS">
          <reporter-output>
          </reporter-output>
        </test-method> <!-- tearDown -->
      </class> <!-- com.mystore.testcases.EndToEndTest -->
      <class name="com.mystore.testcases.SearchResultPageTest">
        <test-method is-config="true" signature="openBrowser(java.lang.String)[pri:0, instance:com.mystore.testcases.SearchResultPageTest@1df82230]" started-at="2021-04-19T14:15:16 IST" name="openBrowser" finished-at="2021-04-19T14:15:27 IST" duration-ms="10890" status="PASS">
          <params>
            <param index="0">
              <value>
                <![CDATA[chrome]]>
              </value>
            </param>
          </params>
          <reporter-output>
          </reporter-output>
        </test-method> <!-- openBrowser -->
        <test-method signature="productAvailabilityTest()[pri:0, instance:com.mystore.testcases.SearchResultPageTest@1df82230]" started-at="2021-04-19T14:15:27 IST" name="productAvailabilityTest" finished-at="2021-04-19T14:15:32 IST" duration-ms="5535" status="PASS">
          <reporter-output>
          </reporter-output>
        </test-method> <!-- productAvailabilityTest -->
        <test-method is-config="true" signature="tearDown()[pri:0, instance:com.mystore.testcases.SearchResultPageTest@1df82230]" started-at="2021-04-19T14:15:32 IST" name="tearDown" finished-at="2021-04-19T14:15:32 IST" duration-ms="294" status="PASS">
          <reporter-output>
          </reporter-output>
        </test-method> <!-- tearDown -->
      </class> <!-- com.mystore.testcases.SearchResultPageTest -->
      <class name="com.mystore.testcases.AccountPageCreationTest">
        <test-method is-config="true" signature="openBrowser(java.lang.String)[pri:0, instance:com.mystore.testcases.AccountPageCreationTest@22635ba0]" started-at="2021-04-19T14:15:35 IST" name="openBrowser" finished-at="2021-04-19T14:15:46 IST" duration-ms="11348" status="PASS">
          <params>
            <param index="0">
              <value>
                <![CDATA[chrome]]>
              </value>
            </param>
          </params>
          <reporter-output>
          </reporter-output>
        </test-method> <!-- openBrowser -->
        <test-method signature="createAccountPageTest(java.lang.String, java.lang.String, java.lang.String, java.lang.String, java.lang.String, java.lang.String, java.lang.String, java.lang.String, java.lang.String, java.lang.String, java.lang.String, java.lang.String, java.lang.String, java.lang.String, java.lang.String)[pri:0, instance:com.mystore.testcases.AccountPageCreationTest@22635ba0]" started-at="2021-04-19T14:15:46 IST" name="createAccountPageTest" data-provider="createAccount" finished-at="2021-04-19T14:16:01 IST" duration-ms="14917" status="PASS">
          <params>
            <param index="0">
              <value>
                <![CDATA[dreruss123@gmail.com]]>
              </value>
            </param>
            <param index="1">
              <value>
                <![CDATA[Mr]]>
              </value>
            </param>
            <param index="2">
              <value>
                <![CDATA[Rohit]]>
              </value>
            </param>
            <param index="3">
              <value>
                <![CDATA[Sharma]]>
              </value>
            </param>
            <param index="4">
              <value>
                <![CDATA[rohit@123]]>
              </value>
            </param>
            <param index="5">
              <value>
                <![CDATA[15]]>
              </value>
            </param>
            <param index="6">
              <value>
                <![CDATA[6]]>
              </value>
            </param>
            <param index="7">
              <value>
                <![CDATA[2002]]>
              </value>
            </param>
            <param index="8">
              <value>
                <![CDATA[Wankade]]>
              </value>
            </param>
            <param index="9">
              <value>
                <![CDATA[Mumbai]]>
              </value>
            </param>
            <param index="10">
              <value>
                <![CDATA[Ohio]]>
              </value>
            </param>
            <param index="11">
              <value>
                <![CDATA[40056]]>
              </value>
            </param>
            <param index="12">
              <value>
                <![CDATA[United States]]>
              </value>
            </param>
            <param index="13">
              <value>
                <![CDATA[9877458740]]>
              </value>
            </param>
            <param index="14">
              <value>
                <![CDATA[Wankade,Mum]]>
              </value>
            </param>
          </params>
          <reporter-output>
          </reporter-output>
        </test-method> <!-- createAccountPageTest -->
        <test-method is-config="true" signature="tearDown()[pri:0, instance:com.mystore.testcases.AccountPageCreationTest@22635ba0]" started-at="2021-04-19T14:16:01 IST" name="tearDown" finished-at="2021-04-19T14:16:01 IST" duration-ms="159" status="PASS">
          <reporter-output>
          </reporter-output>
        </test-method> <!-- tearDown -->
        <test-method is-config="true" signature="openBrowser(java.lang.String)[pri:0, instance:com.mystore.testcases.AccountPageCreationTest@22635ba0]" started-at="2021-04-19T14:16:01 IST" name="openBrowser" finished-at="2021-04-19T14:16:11 IST" duration-ms="10262" status="PASS">
          <params>
            <param index="0">
              <value>
                <![CDATA[chrome]]>
              </value>
            </param>
          </params>
          <reporter-output>
          </reporter-output>
        </test-method> <!-- openBrowser -->
        <test-method signature="createAccountPageTest(java.lang.String, java.lang.String, java.lang.String, java.lang.String, java.lang.String, java.lang.String, java.lang.String, java.lang.String, java.lang.String, java.lang.String, java.lang.String, java.lang.String, java.lang.String, java.lang.String, java.lang.String)[pri:0, instance:com.mystore.testcases.AccountPageCreationTest@22635ba0]" started-at="2021-04-19T14:16:11 IST" name="createAccountPageTest" data-provider="createAccount" finished-at="2021-04-19T14:16:26 IST" duration-ms="15112" status="PASS">
          <params>
            <param index="0">
              <value>
                <![CDATA[morgan789@gmail.com]]>
              </value>
            </param>
            <param index="1">
              <value>
                <![CDATA[Mrs]]>
              </value>
            </param>
            <param index="2">
              <value>
                <![CDATA[Shrithi]]>
              </value>
            </param>
            <param index="3">
              <value>
                <![CDATA[Mandana]]>
              </value>
            </param>
            <param index="4">
              <value>
                <![CDATA[man@123]]>
              </value>
            </param>
            <param index="5">
              <value>
                <![CDATA[18]]>
              </value>
            </param>
            <param index="6">
              <value>
                <![CDATA[8]]>
              </value>
            </param>
            <param index="7">
              <value>
                <![CDATA[2002]]>
              </value>
            </param>
            <param index="8">
              <value>
                <![CDATA[kempa]]>
              </value>
            </param>
            <param index="9">
              <value>
                <![CDATA[banglore]]>
              </value>
            </param>
            <param index="10">
              <value>
                <![CDATA[Ohio]]>
              </value>
            </param>
            <param index="11">
              <value>
                <![CDATA[40055]]>
              </value>
            </param>
            <param index="12">
              <value>
                <![CDATA[United States]]>
              </value>
            </param>
            <param index="13">
              <value>
                <![CDATA[9877458740]]>
              </value>
            </param>
            <param index="14">
              <value>
                <![CDATA[kemp,bang]]>
              </value>
            </param>
          </params>
          <reporter-output>
          </reporter-output>
        </test-method> <!-- createAccountPageTest -->
        <test-method is-config="true" signature="tearDown()[pri:0, instance:com.mystore.testcases.AccountPageCreationTest@22635ba0]" started-at="2021-04-19T14:16:26 IST" name="tearDown" finished-at="2021-04-19T14:16:27 IST" duration-ms="493" status="PASS">
          <reporter-output>
          </reporter-output>
        </test-method> <!-- tearDown -->
        <test-method is-config="true" signature="openBrowser(java.lang.String)[pri:0, instance:com.mystore.testcases.AccountPageCreationTest@22635ba0]" started-at="2021-04-19T14:16:27 IST" name="openBrowser" finished-at="2021-04-19T14:16:37 IST" duration-ms="9792" status="PASS">
          <params>
            <param index="0">
              <value>
                <![CDATA[chrome]]>
              </value>
            </param>
          </params>
          <reporter-output>
          </reporter-output>
        </test-method> <!-- openBrowser -->
        <test-method signature="createAccountPageTest(java.lang.String, java.lang.String, java.lang.String, java.lang.String, java.lang.String, java.lang.String, java.lang.String, java.lang.String, java.lang.String, java.lang.String, java.lang.String, java.lang.String, java.lang.String, java.lang.String, java.lang.String)[pri:0, instance:com.mystore.testcases.AccountPageCreationTest@22635ba0]" started-at="2021-04-19T14:16:37 IST" name="createAccountPageTest" data-provider="createAccount" finished-at="2021-04-19T14:16:51 IST" duration-ms="14445" status="PASS">
          <params>
            <param index="0">
              <value>
                <![CDATA[dineshkarthik79@gmail.com]]>
              </value>
            </param>
            <param index="1">
              <value>
                <![CDATA[Mr]]>
              </value>
            </param>
            <param index="2">
              <value>
                <![CDATA[Kane]]>
              </value>
            </param>
            <param index="3">
              <value>
                <![CDATA[Williamson]]>
              </value>
            </param>
            <param index="4">
              <value>
                <![CDATA[kane@123]]>
              </value>
            </param>
            <param index="5">
              <value>
                <![CDATA[18]]>
              </value>
            </param>
            <param index="6">
              <value>
                <![CDATA[8]]>
              </value>
            </param>
            <param index="7">
              <value>
                <![CDATA[2002]]>
              </value>
            </param>
            <param index="8">
              <value>
                <![CDATA[willington]]>
              </value>
            </param>
            <param index="9">
              <value>
                <![CDATA[newzealand]]>
              </value>
            </param>
            <param index="10">
              <value>
                <![CDATA[Ohio]]>
              </value>
            </param>
            <param index="11">
              <value>
                <![CDATA[40055]]>
              </value>
            </param>
            <param index="12">
              <value>
                <![CDATA[United States]]>
              </value>
            </param>
            <param index="13">
              <value>
                <![CDATA[9877458740]]>
              </value>
            </param>
            <param index="14">
              <value>
                <![CDATA[auckland]]>
              </value>
            </param>
          </params>
          <reporter-output>
          </reporter-output>
        </test-method> <!-- createAccountPageTest -->
        <test-method is-config="true" signature="tearDown()[pri:0, instance:com.mystore.testcases.AccountPageCreationTest@22635ba0]" started-at="2021-04-19T14:16:51 IST" name="tearDown" finished-at="2021-04-19T14:16:51 IST" duration-ms="204" status="PASS">
          <reporter-output>
          </reporter-output>
        </test-method> <!-- tearDown -->
      </class> <!-- com.mystore.testcases.AccountPageCreationTest -->
      <class name="com.mystore.testcases.AddToCartPageTest">
        <test-method is-config="true" signature="openBrowser(java.lang.String)[pri:0, instance:com.mystore.testcases.AddToCartPageTest@5a955565]" started-at="2021-04-19T14:17:53 IST" name="openBrowser" finished-at="2021-04-19T14:18:09 IST" duration-ms="16955" status="PASS">
          <params>
            <param index="0">
              <value>
                <![CDATA[chrome]]>
              </value>
            </param>
          </params>
          <reporter-output>
          </reporter-output>
        </test-method> <!-- openBrowser -->
        <test-method signature="addToCartTest()[pri:0, instance:com.mystore.testcases.AddToCartPageTest@5a955565]" started-at="2021-04-19T14:18:09 IST" name="addToCartTest" finished-at="2021-04-19T14:18:20 IST" duration-ms="10130" status="PASS">
          <reporter-output>
          </reporter-output>
        </test-method> <!-- addToCartTest -->
        <test-method is-config="true" signature="tearDown()[pri:0, instance:com.mystore.testcases.AddToCartPageTest@5a955565]" started-at="2021-04-19T14:18:20 IST" name="tearDown" finished-at="2021-04-19T14:18:20 IST" duration-ms="279" status="PASS">
          <reporter-output>
          </reporter-output>
        </test-method> <!-- tearDown -->
      </class> <!-- com.mystore.testcases.AddToCartPageTest -->
      <class name="com.mystore.testcases.IndexPageTest">
        <test-method is-config="true" signature="openBrowser(java.lang.String)[pri:0, instance:com.mystore.testcases.IndexPageTest@79ad8b2f]" started-at="2021-04-19T14:14:51 IST" name="openBrowser" finished-at="2021-04-19T14:15:05 IST" duration-ms="13480" status="PASS">
          <params>
            <param index="0">
              <value>
                <![CDATA[chrome]]>
              </value>
            </param>
          </params>
          <reporter-output>
          </reporter-output>
        </test-method> <!-- openBrowser -->
        <test-method signature="myStoreLogoTest()[pri:1, instance:com.mystore.testcases.IndexPageTest@79ad8b2f]" started-at="2021-04-19T14:15:05 IST" name="myStoreLogoTest" finished-at="2021-04-19T14:15:05 IST" duration-ms="127" status="PASS">
          <reporter-output>
          </reporter-output>
        </test-method> <!-- myStoreLogoTest -->
        <test-method is-config="true" signature="tearDown()[pri:0, instance:com.mystore.testcases.IndexPageTest@79ad8b2f]" started-at="2021-04-19T14:15:05 IST" name="tearDown" finished-at="2021-04-19T14:15:05 IST" duration-ms="135" status="PASS">
          <reporter-output>
          </reporter-output>
        </test-method> <!-- tearDown -->
        <test-method is-config="true" signature="openBrowser(java.lang.String)[pri:0, instance:com.mystore.testcases.IndexPageTest@79ad8b2f]" started-at="2021-04-19T14:15:05 IST" name="openBrowser" finished-at="2021-04-19T14:15:15 IST" duration-ms="10390" status="PASS">
          <params>
            <param index="0">
              <value>
                <![CDATA[chrome]]>
              </value>
            </param>
          </params>
          <reporter-output>
          </reporter-output>
        </test-method> <!-- openBrowser -->
        <test-method signature="verifyTitle()[pri:2, instance:com.mystore.testcases.IndexPageTest@79ad8b2f]" started-at="2021-04-19T14:15:15 IST" name="verifyTitle" finished-at="2021-04-19T14:15:16 IST" duration-ms="64" status="PASS">
          <reporter-output>
          </reporter-output>
        </test-method> <!-- verifyTitle -->
        <test-method is-config="true" signature="tearDown()[pri:0, instance:com.mystore.testcases.IndexPageTest@79ad8b2f]" started-at="2021-04-19T14:15:16 IST" name="tearDown" finished-at="2021-04-19T14:15:16 IST" duration-ms="168" status="PASS">
          <reporter-output>
          </reporter-output>
        </test-method> <!-- tearDown -->
      </class> <!-- com.mystore.testcases.IndexPageTest -->
      <class name="com.mystore.testcases.OrderPageTest">
        <test-method is-config="true" signature="openBrowser(java.lang.String)[pri:0, instance:com.mystore.testcases.OrderPageTest@6a01e23]" started-at="2021-04-19T14:17:27 IST" name="openBrowser" finished-at="2021-04-19T14:17:43 IST" duration-ms="15647" status="PASS">
          <params>
            <param index="0">
              <value>
                <![CDATA[chrome]]>
              </value>
            </param>
          </params>
          <reporter-output>
          </reporter-output>
        </test-method> <!-- openBrowser -->
        <test-method signature="priceTest()[pri:0, instance:com.mystore.testcases.OrderPageTest@6a01e23]" started-at="2021-04-19T14:17:43 IST" name="priceTest" finished-at="2021-04-19T14:17:52 IST" duration-ms="9274" status="PASS">
          <reporter-output>
          </reporter-output>
        </test-method> <!-- priceTest -->
        <test-method is-config="true" signature="tearDown()[pri:0, instance:com.mystore.testcases.OrderPageTest@6a01e23]" started-at="2021-04-19T14:17:52 IST" name="tearDown" finished-at="2021-04-19T14:17:53 IST" duration-ms="199" status="PASS">
          <reporter-output>
          </reporter-output>
        </test-method> <!-- tearDown -->
      </class> <!-- com.mystore.testcases.OrderPageTest -->
      <class name="com.mystore.testcases.HomePageTest">
        <test-method is-config="true" signature="openBrowser(java.lang.String)[pri:0, instance:com.mystore.testcases.HomePageTest@13c10b87]" started-at="2021-04-19T14:16:51 IST" name="openBrowser" finished-at="2021-04-19T14:17:01 IST" duration-ms="9387" status="PASS">
          <params>
            <param index="0">
              <value>
                <![CDATA[chrome]]>
              </value>
            </param>
          </params>
          <reporter-output>
          </reporter-output>
        </test-method> <!-- openBrowser -->
        <test-method signature="orderHistroryAndDetailsTest()[pri:1, instance:com.mystore.testcases.HomePageTest@13c10b87]" started-at="2021-04-19T14:17:01 IST" name="orderHistroryAndDetailsTest" finished-at="2021-04-19T14:17:09 IST" duration-ms="8501" status="PASS">
          <reporter-output>
          </reporter-output>
        </test-method> <!-- orderHistroryAndDetailsTest -->
        <test-method is-config="true" signature="tearDown()[pri:0, instance:com.mystore.testcases.HomePageTest@13c10b87]" started-at="2021-04-19T14:17:09 IST" name="tearDown" finished-at="2021-04-19T14:17:09 IST" duration-ms="214" status="PASS">
          <reporter-output>
          </reporter-output>
        </test-method> <!-- tearDown -->
        <test-method is-config="true" signature="openBrowser(java.lang.String)[pri:0, instance:com.mystore.testcases.HomePageTest@13c10b87]" started-at="2021-04-19T14:17:09 IST" name="openBrowser" finished-at="2021-04-19T14:17:18 IST" duration-ms="8772" status="PASS">
          <params>
            <param index="0">
              <value>
                <![CDATA[chrome]]>
              </value>
            </param>
          </params>
          <reporter-output>
          </reporter-output>
        </test-method> <!-- openBrowser -->
        <test-method signature="wishListTest()[pri:2, instance:com.mystore.testcases.HomePageTest@13c10b87]" started-at="2021-04-19T14:17:18 IST" name="wishListTest" finished-at="2021-04-19T14:17:27 IST" duration-ms="9055" status="PASS">
          <reporter-output>
          </reporter-output>
        </test-method> <!-- wishListTest -->
        <test-method is-config="true" signature="tearDown()[pri:0, instance:com.mystore.testcases.HomePageTest@13c10b87]" started-at="2021-04-19T14:17:27 IST" name="tearDown" finished-at="2021-04-19T14:17:27 IST" duration-ms="191" status="PASS">
          <reporter-output>
          </reporter-output>
        </test-method> <!-- tearDown -->
      </class> <!-- com.mystore.testcases.HomePageTest -->
      <class name="com.mystore.testcases.LoginPageTest">
        <test-method is-config="true" signature="openBrowser(java.lang.String)[pri:0, instance:com.mystore.testcases.LoginPageTest@197d671]" started-at="2021-04-19T14:13:56 IST" name="openBrowser" finished-at="2021-04-19T14:14:07 IST" duration-ms="10821" status="PASS">
          <params>
            <param index="0">
              <value>
                <![CDATA[chrome]]>
              </value>
            </param>
          </params>
          <reporter-output>
          </reporter-output>
        </test-method> <!-- openBrowser -->
        <test-method signature="loginTest(java.lang.String, java.lang.String)[pri:0, instance:com.mystore.testcases.LoginPageTest@197d671]" started-at="2021-04-19T14:14:07 IST" name="loginTest" data-provider="loginTest" finished-at="2021-04-19T14:14:13 IST" duration-ms="6277" status="PASS">
          <params>
            <param index="0">
              <value>
                <![CDATA[ecommercetest@gmail.com]]>
              </value>
            </param>
            <param index="1">
              <value>
                <![CDATA[etest@123]]>
              </value>
            </param>
          </params>
          <reporter-output>
          </reporter-output>
        </test-method> <!-- loginTest -->
        <test-method is-config="true" signature="tearDown()[pri:0, instance:com.mystore.testcases.LoginPageTest@197d671]" started-at="2021-04-19T14:14:13 IST" name="tearDown" finished-at="2021-04-19T14:14:14 IST" duration-ms="500" status="PASS">
          <reporter-output>
          </reporter-output>
        </test-method> <!-- tearDown -->
      </class> <!-- com.mystore.testcases.LoginPageTest -->
    </test> <!-- MyStore_Chrome -->
  </suite> <!-- Suite -->
</testng-results>
